# JRE version: Java(TM) SE Runtime Environment (20.0.1+9) (build 20.0.1+9-29)
# Java VM: Java HotSpot(TM) 64-Bit Server VM (20.0.1+9-29, mixed mode, sharing, tiered, compressed oops, compressed class ptrs, g1 gc, windows-amd64)
GC Precious Log:
 CardTable entry size: 512
 Card Set container configuration: InlinePtr #cards 4 size 8 Array Of Cards #cards 32 size 80 Howl #buckets 8 coarsen threshold 7372 Howl Bitmap #cards 1024 size 144 coarsen threshold 921 Card regions per heap region 1 cards per card region 8192
 CPUs: 12 total, 12 available
 Memory: 16205M
 Large Page Support: Disabled
 NUMA Support: Disabled
 Compressed Oops: Enabled (Zero based)
 Heap Region Size: 4M
 Heap Min Capacity: 8M
 Heap Initial Capacity: 256M
 Heap Max Capacity: 8G
 Pre-touch: Disabled
 Parallel Workers: 10
 Concurrent Workers: 3
 Concurrent Refinement Workers: 10
 Periodic GC: Disabled
Heap:
 garbage-first heap   total 622592K, used 536910K [0x0000000600000000, 0x0000000800000000)
  region size 4096K, 83 young (339968K), 6 survivors (24576K)
 Metaspace       used 164331K, committed 167168K, reserved 1245184K
  class space    used 20602K, committed 22016K, reserved 1048576K
GC Heap History (20 events):
Event: 82.056 GC heap before
{Heap before GC invocations=97 (full 0):
 garbage-first heap   total 536576K, used 465942K [0x0000000600000000, 0x0000000800000000)
  region size 4096K, 78 young (319488K), 4 survivors (16384K)
 Metaspace       used 152058K, committed 154688K, reserved 1245184K
  class space    used 19324K, committed 20672K, reserved 1048576K
}
Event: 82.062 GC heap after
{Heap after GC invocations=98 (full 0):
 garbage-first heap   total 536576K, used 162022K [0x0000000600000000, 0x0000000800000000)
  region size 4096K, 4 young (16384K), 4 survivors (16384K)
 Metaspace       used 152058K, committed 154688K, reserved 1245184K
  class space    used 19324K, committed 20672K, reserved 1048576K
}
Event: 82.654 GC heap before
{Heap before GC invocations=98 (full 0):
 garbage-first heap   total 536576K, used 465126K [0x0000000600000000, 0x0000000800000000)
  region size 4096K, 78 young (319488K), 4 survivors (16384K)
 Metaspace       used 152058K, committed 154688K, reserved 1245184K
  class space    used 19324K, committed 20672K, reserved 1048576K
}
Event: 82.660 GC heap after
{Heap after GC invocations=99 (full 0):
 garbage-first heap   total 536576K, used 163108K [0x0000000600000000, 0x0000000800000000)
  region size 4096K, 4 young (16384K), 4 survivors (16384K)
 Metaspace       used 152058K, committed 154688K, reserved 1245184K
  class space    used 19324K, committed 20672K, reserved 1048576K
}
Event: 83.711 GC heap before
{Heap before GC invocations=99 (full 0):
 garbage-first heap   total 536576K, used 466212K [0x0000000600000000, 0x0000000800000000)
  region size 4096K, 78 young (319488K), 4 survivors (16384K)
 Metaspace       used 152058K, committed 154688K, reserved 1245184K
  class space    used 19324K, committed 20672K, reserved 1048576K
}
Event: 83.716 GC heap after
{Heap after GC invocations=100 (full 0):
 garbage-first heap   total 536576K, used 164942K [0x0000000600000000, 0x0000000800000000)
  region size 4096K, 4 young (16384K), 4 survivors (16384K)
 Metaspace       used 152058K, committed 154688K, reserved 1245184K
  class space    used 19324K, committed 20672K, reserved 1048576K
}
Event: 89.415 GC heap before
{Heap before GC invocations=100 (full 0):
 garbage-first heap   total 536576K, used 468046K [0x0000000600000000, 0x0000000800000000)
  region size 4096K, 78 young (319488K), 4 survivors (16384K)
 Metaspace       used 156562K, committed 159296K, reserved 1245184K
  class space    used 19801K, committed 21184K, reserved 1048576K
}
Event: 89.425 GC heap after
{Heap after GC invocations=101 (full 0):
 garbage-first heap   total 536576K, used 164359K [0x0000000600000000, 0x0000000800000000)
  region size 4096K, 6 young (24576K), 6 survivors (24576K)
 Metaspace       used 156562K, committed 159296K, reserved 1245184K
  class space    used 19801K, committed 21184K, reserved 1048576K
}
Event: 114.848 GC heap before
{Heap before GC invocations=101 (full 0):
 garbage-first heap   total 536576K, used 467463K [0x0000000600000000, 0x0000000800000000)
  region size 4096K, 78 young (319488K), 6 survivors (24576K)
 Metaspace       used 161517K, committed 164352K, reserved 1245184K
  class space    used 20371K, committed 21760K, reserved 1048576K
}
Event: 114.866 GC heap after
{Heap after GC invocations=102 (full 0):
 garbage-first heap   total 536576K, used 190101K [0x0000000600000000, 0x0000000800000000)
  region size 4096K, 10 young (40960K), 10 survivors (40960K)
 Metaspace       used 161517K, committed 164352K, reserved 1245184K
  class space    used 20371K, committed 21760K, reserved 1048576K
}
Event: 115.179 GC heap before
{Heap before GC invocations=102 (full 0):
 garbage-first heap   total 536576K, used 460437K [0x0000000600000000, 0x0000000800000000)
  region size 4096K, 76 young (311296K), 10 survivors (40960K)
 Metaspace       used 163862K, committed 166656K, reserved 1245184K
  class space    used 20587K, committed 21952K, reserved 1048576K
}
Event: 115.201 GC heap after
{Heap after GC invocations=103 (full 0):
 garbage-first heap   total 536576K, used 211880K [0x0000000600000000, 0x0000000800000000)
  region size 4096K, 10 young (40960K), 10 survivors (40960K)
 Metaspace       used 163862K, committed 166656K, reserved 1245184K
  class space    used 20587K, committed 21952K, reserved 1048576K
}
Event: 115.435 GC heap before
{Heap before GC invocations=103 (full 0):
 garbage-first heap   total 536576K, used 457640K [0x0000000600000000, 0x0000000800000000)
  region size 4096K, 71 young (290816K), 10 survivors (40960K)
 Metaspace       used 164148K, committed 166976K, reserved 1245184K
  class space    used 20606K, committed 22016K, reserved 1048576K
}
Event: 115.462 GC heap after
{Heap after GC invocations=104 (full 0):
 garbage-first heap   total 536576K, used 220051K [0x0000000600000000, 0x0000000800000000)
  region size 4096K, 3 young (12288K), 3 survivors (12288K)
 Metaspace       used 164148K, committed 166976K, reserved 1245184K
  class space    used 20606K, committed 22016K, reserved 1048576K
}
Event: 115.819 GC heap before
{Heap before GC invocations=105 (full 0):
 garbage-first heap   total 610304K, used 482195K [0x0000000600000000, 0x0000000800000000)
  region size 4096K, 68 young (278528K), 3 survivors (12288K)
 Metaspace       used 164243K, committed 167104K, reserved 1245184K
  class space    used 20606K, committed 22016K, reserved 1048576K
}
Event: 115.826 GC heap after
{Heap after GC invocations=106 (full 0):
 garbage-first heap   total 610304K, used 225391K [0x0000000600000000, 0x0000000800000000)
  region size 4096K, 4 young (16384K), 4 survivors (16384K)
 Metaspace       used 164243K, committed 167104K, reserved 1245184K
  class space    used 20606K, committed 22016K, reserved 1048576K
}
Event: 116.127 GC heap before
{Heap before GC invocations=106 (full 0):
 garbage-first heap   total 610304K, used 553071K [0x0000000600000000, 0x0000000800000000)
  region size 4096K, 85 young (348160K), 4 survivors (16384K)
 Metaspace       used 164292K, committed 167168K, reserved 1245184K
  class space    used 20607K, committed 22016K, reserved 1048576K
}
Event: 116.135 GC heap after
{Heap after GC invocations=107 (full 0):
 garbage-first heap   total 610304K, used 219433K [0x0000000600000000, 0x0000000800000000)
  region size 4096K, 3 young (12288K), 3 survivors (12288K)
 Metaspace       used 164292K, committed 167168K, reserved 1245184K
  class space    used 20607K, committed 22016K, reserved 1048576K
}
Event: 116.479 GC heap before
{Heap before GC invocations=107 (full 0):
 garbage-first heap   total 610304K, used 559401K [0x0000000600000000, 0x0000000800000000)
  region size 4096K, 87 young (356352K), 3 survivors (12288K)
 Metaspace       used 164315K, committed 167168K, reserved 1245184K
  class space    used 20607K, committed 22016K, reserved 1048576K
}
Event: 116.488 GC heap after
{Heap after GC invocations=108 (full 0):
 garbage-first heap   total 610304K, used 229710K [0x0000000600000000, 0x0000000800000000)
  region size 4096K, 6 young (24576K), 6 survivors (24576K)
 Metaspace       used 164315K, committed 167168K, reserved 1245184K
  class space    used 20607K, committed 22016K, reserved 1048576K
}

