# JRE version: Java(TM) SE Runtime Environment (20.0.1+9) (build 20.0.1+9-29)
# Java VM: Java HotSpot(TM) 64-Bit Server VM (20.0.1+9-29, mixed mode, sharing, tiered, compressed oops, compressed class ptrs, g1 gc, windows-amd64)
GC Precious Log:
 CardTable entry size: 512
 Card Set container configuration: InlinePtr #cards 5 size 8 Array Of Cards #cards 12 size 40 Howl #buckets 4 coarsen threshold 1843 Howl Bitmap #cards 512 size 80 coarsen threshold 460 Card regions per heap region 1 cards per card region 2048
 CPUs: 12 total, 12 available
 Memory: 16205M
 Large Page Support: Disabled
 NUMA Support: Disabled
 Compressed Oops: Enabled (32-bit)
 Heap Region Size: 1M
 Heap Min Capacity: 8M
 Heap Initial Capacity: 254M
 Heap Max Capacity: 2G
 Pre-touch: Disabled
 Parallel Workers: 10
 Concurrent Workers: 3
 Concurrent Refinement Workers: 10
 Periodic GC: Disabled
Heap:
 garbage-first heap   total 121856K, used 73085K [0x0000000080000000, 0x0000000100000000)
  region size 1024K, 6 young (6144K), 6 survivors (6144K)
 Metaspace       used 76899K, committed 79104K, reserved 970752K
  class space    used 10982K, committed 12096K, reserved 839680K
GC Heap History (20 events):
Event: 6.981 GC heap after
{Heap after GC invocations=14 (full 0):
 garbage-first heap   total 89088K, used 43028K [0x0000000080000000, 0x0000000100000000)
  region size 1024K, 6 young (6144K), 6 survivors (6144K)
 Metaspace       used 49321K, committed 51136K, reserved 905216K
  class space    used 6905K, committed 7808K, reserved 839680K
}
Event: 7.427 GC heap before
{Heap before GC invocations=14 (full 0):
 garbage-first heap   total 89088K, used 76820K [0x0000000080000000, 0x0000000100000000)
  region size 1024K, 39 young (39936K), 6 survivors (6144K)
 Metaspace       used 52605K, committed 54464K, reserved 905216K
  class space    used 7437K, committed 8320K, reserved 839680K
}
Event: 7.431 GC heap after
{Heap after GC invocations=15 (full 0):
 garbage-first heap   total 89088K, used 44242K [0x0000000080000000, 0x0000000100000000)
  region size 1024K, 4 young (4096K), 4 survivors (4096K)
 Metaspace       used 52605K, committed 54464K, reserved 905216K
  class space    used 7437K, committed 8320K, reserved 839680K
}
Event: 7.801 GC heap before
{Heap before GC invocations=15 (full 0):
 garbage-first heap   total 89088K, used 79058K [0x0000000080000000, 0x0000000100000000)
  region size 1024K, 38 young (38912K), 4 survivors (4096K)
 Metaspace       used 54273K, committed 56192K, reserved 905216K
  class space    used 7701K, committed 8640K, reserved 839680K
}
Event: 7.807 GC heap after
{Heap after GC invocations=16 (full 0):
 garbage-first heap   total 89088K, used 46991K [0x0000000080000000, 0x0000000100000000)
  region size 1024K, 4 young (4096K), 4 survivors (4096K)
 Metaspace       used 54273K, committed 56192K, reserved 905216K
  class space    used 7701K, committed 8640K, reserved 839680K
}
Event: 8.251 GC heap before
{Heap before GC invocations=17 (full 0):
 garbage-first heap   total 89088K, used 79759K [0x0000000080000000, 0x0000000100000000)
  region size 1024K, 36 young (36864K), 4 survivors (4096K)
 Metaspace       used 56971K, committed 59008K, reserved 905216K
  class space    used 8179K, committed 9216K, reserved 839680K
}
Event: 8.255 GC heap after
{Heap after GC invocations=18 (full 0):
 garbage-first heap   total 89088K, used 48315K [0x0000000080000000, 0x0000000100000000)
  region size 1024K, 4 young (4096K), 4 survivors (4096K)
 Metaspace       used 56971K, committed 59008K, reserved 905216K
  class space    used 8179K, committed 9216K, reserved 839680K
}
Event: 8.701 GC heap before
{Heap before GC invocations=18 (full 0):
 garbage-first heap   total 89088K, used 86203K [0x0000000080000000, 0x0000000100000000)
  region size 1024K, 34 young (34816K), 4 survivors (4096K)
 Metaspace       used 59817K, committed 61824K, reserved 905216K
  class space    used 8565K, committed 9600K, reserved 839680K
}
Event: 8.706 GC heap after
{Heap after GC invocations=19 (full 0):
 garbage-first heap   total 113664K, used 57363K [0x0000000080000000, 0x0000000100000000)
  region size 1024K, 4 young (4096K), 4 survivors (4096K)
 Metaspace       used 59817K, committed 61824K, reserved 905216K
  class space    used 8565K, committed 9600K, reserved 839680K
}
Event: 9.192 GC heap before
{Heap before GC invocations=19 (full 0):
 garbage-first heap   total 113664K, used 101395K [0x0000000080000000, 0x0000000100000000)
  region size 1024K, 47 young (48128K), 4 survivors (4096K)
 Metaspace       used 64515K, committed 66560K, reserved 905216K
  class space    used 9168K, committed 10176K, reserved 839680K
}
Event: 9.196 GC heap after
{Heap after GC invocations=20 (full 0):
 garbage-first heap   total 113664K, used 59017K [0x0000000080000000, 0x0000000100000000)
  region size 1024K, 4 young (4096K), 4 survivors (4096K)
 Metaspace       used 64515K, committed 66560K, reserved 905216K
  class space    used 9168K, committed 10176K, reserved 839680K
}
Event: 9.694 GC heap before
{Heap before GC invocations=21 (full 0):
 garbage-first heap   total 113664K, used 105097K [0x0000000080000000, 0x0000000100000000)
  region size 1024K, 46 young (47104K), 4 survivors (4096K)
 Metaspace       used 67287K, committed 69376K, reserved 905216K
  class space    used 9535K, committed 10560K, reserved 839680K
}
Event: 9.698 GC heap after
{Heap after GC invocations=22 (full 0):
 garbage-first heap   total 113664K, used 64107K [0x0000000080000000, 0x0000000100000000)
  region size 1024K, 4 young (4096K), 4 survivors (4096K)
 Metaspace       used 67287K, committed 69376K, reserved 905216K
  class space    used 9535K, committed 10560K, reserved 839680K
}
Event: 10.201 GC heap before
{Heap before GC invocations=22 (full 0):
 garbage-first heap   total 113664K, used 100971K [0x0000000080000000, 0x0000000100000000)
  region size 1024K, 40 young (40960K), 4 survivors (4096K)
 Metaspace       used 69661K, committed 71744K, reserved 905216K
  class space    used 9873K, committed 10880K, reserved 839680K
}
Event: 10.213 GC heap after
{Heap after GC invocations=23 (full 0):
 garbage-first heap   total 113664K, used 64807K [0x0000000080000000, 0x0000000100000000)
  region size 1024K, 4 young (4096K), 4 survivors (4096K)
 Metaspace       used 69661K, committed 71744K, reserved 905216K
  class space    used 9873K, committed 10880K, reserved 839680K
}
Event: 10.968 GC heap before
{Heap before GC invocations=23 (full 0):
 garbage-first heap   total 113664K, used 100647K [0x0000000080000000, 0x0000000100000000)
  region size 1024K, 40 young (40960K), 4 survivors (4096K)
 Metaspace       used 71706K, committed 73920K, reserved 905216K
  class space    used 10148K, committed 11264K, reserved 839680K
}
Event: 10.972 GC heap after
{Heap after GC invocations=24 (full 0):
 garbage-first heap   total 113664K, used 67967K [0x0000000080000000, 0x0000000100000000)
  region size 1024K, 5 young (5120K), 5 survivors (5120K)
 Metaspace       used 71706K, committed 73920K, reserved 905216K
  class space    used 10148K, committed 11264K, reserved 839680K
}
Event: 11.486 GC heap before
{Heap before GC invocations=25 (full 0):
 garbage-first heap   total 121856K, used 99711K [0x0000000080000000, 0x0000000100000000)
  region size 1024K, 36 young (36864K), 5 survivors (5120K)
 Metaspace       used 74099K, committed 76352K, reserved 905216K
  class space    used 10532K, committed 11648K, reserved 839680K
}
Event: 11.491 GC heap after
{Heap after GC invocations=26 (full 0):
 garbage-first heap   total 121856K, used 70000K [0x0000000080000000, 0x0000000100000000)
  region size 1024K, 3 young (3072K), 3 survivors (3072K)
 Metaspace       used 74099K, committed 76352K, reserved 905216K
  class space    used 10532K, committed 11648K, reserved 839680K
}
Event: 12.950 GC heap before
{Heap before GC invocations=26 (full 0):
 garbage-first heap   total 121856K, used 108912K [0x0000000080000000, 0x0000000100000000)
  region size 1024K, 42 young (43008K), 3 survivors (3072K)
 Metaspace       used 76899K, committed 79104K, reserved 970752K
  class space    used 10982K, committed 12096K, reserved 839680K
}

