# JRE version: Java(TM) SE Runtime Environment (20.0.1+9) (build 20.0.1+9-29)
# Java VM: Java HotSpot(TM) 64-Bit Server VM (20.0.1+9-29, mixed mode, sharing, tiered, compressed oops, compressed class ptrs, g1 gc, windows-amd64)
GC Precious Log:
 CardTable entry size: 512
 Card Set container configuration: InlinePtr #cards 4 size 8 Array Of Cards #cards 32 size 80 Howl #buckets 8 coarsen threshold 7372 Howl Bitmap #cards 1024 size 144 coarsen threshold 921 Card regions per heap region 1 cards per card region 8192
 CPUs: 12 total, 12 available
 Memory: 16205M
 Large Page Support: Disabled
 NUMA Support: Disabled
 Compressed Oops: Enabled (Zero based)
 Heap Region Size: 4M
 Heap Min Capacity: 8M
 Heap Initial Capacity: 256M
 Heap Max Capacity: 8G
 Pre-touch: Disabled
 Parallel Workers: 10
 Concurrent Workers: 3
 Concurrent Refinement Workers: 10
 Periodic GC: Disabled
Heap:
 garbage-first heap   total 536576K, used 181558K [0x0000000600000000, 0x0000000800000000)
  region size 4096K, 4 young (16384K), 4 survivors (16384K)
 Metaspace       used 146782K, committed 149504K, reserved 1179648K
  class space    used 18890K, committed 20224K, reserved 1048576K
GC Heap History (20 events):
Event: 21.516 GC heap after
{Heap after GC invocations=34 (full 0):
 garbage-first heap   total 270336K, used 122477K [0x0000000600000000, 0x0000000800000000)
  region size 4096K, 3 young (12288K), 3 survivors (12288K)
 Metaspace       used 140031K, committed 142656K, reserved 1179648K
  class space    used 18217K, committed 19520K, reserved 1048576K
}
Event: 22.198 GC heap before
{Heap before GC invocations=34 (full 0):
 garbage-first heap   total 270336K, used 163437K [0x0000000600000000, 0x0000000800000000)
  region size 4096K, 14 young (57344K), 3 survivors (12288K)
 Metaspace       used 142297K, committed 145024K, reserved 1179648K
  class space    used 18565K, committed 19904K, reserved 1048576K
}
Event: 22.208 GC heap after
{Heap after GC invocations=35 (full 0):
 garbage-first heap   total 270336K, used 125355K [0x0000000600000000, 0x0000000800000000)
  region size 4096K, 2 young (8192K), 2 survivors (8192K)
 Metaspace       used 142297K, committed 145024K, reserved 1179648K
  class space    used 18565K, committed 19904K, reserved 1048576K
}
Event: 22.628 GC heap before
{Heap before GC invocations=36 (full 0):
 garbage-first heap   total 270336K, used 244139K [0x0000000600000000, 0x0000000800000000)
  region size 4096K, 30 young (122880K), 2 survivors (8192K)
 Metaspace       used 145932K, committed 148672K, reserved 1179648K
  class space    used 18839K, committed 20160K, reserved 1048576K
}
Event: 22.650 GC heap after
{Heap after GC invocations=37 (full 0):
 garbage-first heap   total 299008K, used 173078K [0x0000000600000000, 0x0000000800000000)
  region size 4096K, 4 young (16384K), 4 survivors (16384K)
 Metaspace       used 145932K, committed 148672K, reserved 1179648K
  class space    used 18839K, committed 20160K, reserved 1048576K
}
Event: 22.786 GC heap before
{Heap before GC invocations=37 (full 0):
 garbage-first heap   total 299008K, used 254998K [0x0000000600000000, 0x0000000800000000)
  region size 4096K, 24 young (98304K), 4 survivors (16384K)
 Metaspace       used 146254K, committed 148992K, reserved 1179648K
  class space    used 18862K, committed 20224K, reserved 1048576K
}
Event: 22.800 GC heap after
{Heap after GC invocations=38 (full 0):
 garbage-first heap   total 299008K, used 176143K [0x0000000600000000, 0x0000000800000000)
  region size 4096K, 1 young (4096K), 1 survivors (4096K)
 Metaspace       used 146254K, committed 148992K, reserved 1179648K
  class space    used 18862K, committed 20224K, reserved 1048576K
}
Event: 22.894 GC heap before
{Heap before GC invocations=38 (full 0):
 garbage-first heap   total 299008K, used 258063K [0x0000000600000000, 0x0000000800000000)
  region size 4096K, 21 young (86016K), 1 survivors (4096K)
 Metaspace       used 146316K, committed 149056K, reserved 1179648K
  class space    used 18862K, committed 20224K, reserved 1048576K
}
Event: 22.897 GC heap after
{Heap after GC invocations=39 (full 0):
 garbage-first heap   total 299008K, used 175656K [0x0000000600000000, 0x0000000800000000)
  region size 4096K, 1 young (4096K), 1 survivors (4096K)
 Metaspace       used 146316K, committed 149056K, reserved 1179648K
  class space    used 18862K, committed 20224K, reserved 1048576K
}
Event: 23.023 GC heap before
{Heap before GC invocations=39 (full 0):
 garbage-first heap   total 299008K, used 261672K [0x0000000600000000, 0x0000000800000000)
  region size 4096K, 22 young (90112K), 1 survivors (4096K)
 Metaspace       used 146396K, committed 149184K, reserved 1179648K
  class space    used 18862K, committed 20224K, reserved 1048576K
}
Event: 23.028 GC heap after
{Heap after GC invocations=40 (full 0):
 garbage-first heap   total 299008K, used 176463K [0x0000000600000000, 0x0000000800000000)
  region size 4096K, 1 young (4096K), 1 survivors (4096K)
 Metaspace       used 146396K, committed 149184K, reserved 1179648K
  class space    used 18862K, committed 20224K, reserved 1048576K
}
Event: 23.155 GC heap before
{Heap before GC invocations=41 (full 0):
 garbage-first heap   total 327680K, used 266575K [0x0000000600000000, 0x0000000800000000)
  region size 4096K, 23 young (94208K), 1 survivors (4096K)
 Metaspace       used 146416K, committed 149184K, reserved 1179648K
  class space    used 18862K, committed 20224K, reserved 1048576K
}
Event: 23.159 GC heap after
{Heap after GC invocations=42 (full 0):
 garbage-first heap   total 536576K, used 177519K [0x0000000600000000, 0x0000000800000000)
  region size 4096K, 1 young (4096K), 1 survivors (4096K)
 Metaspace       used 146416K, committed 149184K, reserved 1179648K
  class space    used 18862K, committed 20224K, reserved 1048576K
}
Event: 23.389 GC heap before
{Heap before GC invocations=42 (full 0):
 garbage-first heap   total 536576K, used 378223K [0x0000000600000000, 0x0000000800000000)
  region size 4096K, 50 young (204800K), 1 survivors (4096K)
 Metaspace       used 146496K, committed 149248K, reserved 1179648K
  class space    used 18865K, committed 20224K, reserved 1048576K
}
Event: 23.393 GC heap after
{Heap after GC invocations=43 (full 0):
 garbage-first heap   total 536576K, used 176101K [0x0000000600000000, 0x0000000800000000)
  region size 4096K, 2 young (8192K), 2 survivors (8192K)
 Metaspace       used 146496K, committed 149248K, reserved 1179648K
  class space    used 18865K, committed 20224K, reserved 1048576K
}
Event: 23.667 GC heap before
{Heap before GC invocations=43 (full 0):
 garbage-first heap   total 536576K, used 487397K [0x0000000600000000, 0x0000000800000000)
  region size 4096K, 78 young (319488K), 2 survivors (8192K)
 Metaspace       used 146672K, committed 149440K, reserved 1179648K
  class space    used 18877K, committed 20224K, reserved 1048576K
}
Event: 23.674 GC heap after
{Heap after GC invocations=44 (full 0):
 garbage-first heap   total 536576K, used 176045K [0x0000000600000000, 0x0000000800000000)
  region size 4096K, 3 young (12288K), 3 survivors (12288K)
 Metaspace       used 146672K, committed 149440K, reserved 1179648K
  class space    used 18877K, committed 20224K, reserved 1048576K
}
Event: 23.943 GC heap before
{Heap before GC invocations=44 (full 0):
 garbage-first heap   total 536576K, used 483245K [0x0000000600000000, 0x0000000800000000)
  region size 4096K, 78 young (319488K), 3 survivors (12288K)
 Metaspace       used 146685K, committed 149440K, reserved 1179648K
  class space    used 18877K, committed 20224K, reserved 1048576K
}
Event: 23.949 GC heap after
{Heap after GC invocations=45 (full 0):
 garbage-first heap   total 536576K, used 178542K [0x0000000600000000, 0x0000000800000000)
  region size 4096K, 3 young (12288K), 3 survivors (12288K)
 Metaspace       used 146685K, committed 149440K, reserved 1179648K
  class space    used 18877K, committed 20224K, reserved 1048576K
}
Event: 24.211 GC heap before
{Heap before GC invocations=45 (full 0):
 garbage-first heap   total 536576K, used 485742K [0x0000000600000000, 0x0000000800000000)
  region size 4096K, 78 young (319488K), 3 survivors (12288K)
 Metaspace       used 146782K, committed 149504K, reserved 1179648K
  class space    used 18890K, committed 20224K, reserved 1048576K
}

