# JRE version: OpenJDK Runtime Environment Temurin-21.0.9+10 (21.0.9+10) (build 21.0.9+10-LTS)
# Java VM: OpenJDK 64-Bit Server VM Temurin-21.0.9+10 (21.0.9+10-LTS, mixed mode, sharing, tiered, compressed oops, compressed class ptrs, parallel gc, windows-amd64)
GC Precious Log:
 CardTable entry size: 512
 CPUs: 12 total, 12 available
 Memory: 16205M
 Large Page Support: Disabled
 NUMA Support: Disabled
 Compressed Oops: Enabled (32-bit)
 Alignments: Space 512K, Generation 512K, Heap 2M
 Heap Min Capacity: 100M
 Heap Initial Capacity: 100M
 Heap Max Capacity: 2G
 Pre-touch: Disabled
 Parallel Workers: 10
Heap:
 PSYoungGen      total 22528K, used 16441K [0x00000000d5580000, 0x00000000d6e80000, 0x0000000100000000)
  eden space 22016K, 74% used [0x00000000d5580000,0x00000000d658e610,0x00000000d6b00000)
  from space 512K, 0% used [0x00000000d6e00000,0x00000000d6e00000,0x00000000d6e80000)
  to   space 1024K, 0% used [0x00000000d6c80000,0x00000000d6c80000,0x00000000d6d80000)
 ParOldGen       total 68608K, used 18736K [0x0000000080000000, 0x0000000084300000, 0x00000000d5580000)
  object space 68608K, 27% used [0x0000000080000000,0x000000008124c3b8,0x0000000084300000)
 Metaspace       used 36801K, committed 37952K, reserved 1114112K
  class space    used 3972K, committed 4480K, reserved 1048576K
GC Heap History (20 events):
Event: 4.387 GC heap before
{Heap before GC invocations=7 (full 0):
 PSYoungGen      total 29696K, used 26035K [0x00000000d5580000, 0x00000000d7880000, 0x0000000100000000)
  eden space 24576K, 85% used [0x00000000d5580000,0x00000000d69fd458,0x00000000d6d80000)
  from space 5120K, 98% used [0x00000000d7380000,0x00000000d786f920,0x00000000d7880000)
  to   space 5632K, 0% used [0x00000000d6d80000,0x00000000d6d80000,0x00000000d7300000)
 ParOldGen       total 68608K, used 7792K [0x0000000080000000, 0x0000000084300000, 0x00000000d5580000)
  object space 68608K, 11% used [0x0000000080000000,0x000000008079c330,0x0000000084300000)
 Metaspace       used 20717K, committed 21568K, reserved 1114112K
  class space    used 2198K, committed 2560K, reserved 1048576K
}
Event: 4.392 GC heap after
{Heap after GC invocations=7 (full 0):
 PSYoungGen      total 29696K, used 4651K [0x00000000d5580000, 0x00000000d7780000, 0x0000000100000000)
  eden space 24576K, 0% used [0x00000000d5580000,0x00000000d5580000,0x00000000d6d80000)
  from space 5120K, 90% used [0x00000000d6d80000,0x00000000d720aed0,0x00000000d7280000)
  to   space 5120K, 0% used [0x00000000d7280000,0x00000000d7280000,0x00000000d7780000)
 ParOldGen       total 68608K, used 9390K [0x0000000080000000, 0x0000000084300000, 0x00000000d5580000)
  object space 68608K, 13% used [0x0000000080000000,0x000000008092b8d0,0x0000000084300000)
 Metaspace       used 20717K, committed 21568K, reserved 1114112K
  class space    used 2198K, committed 2560K, reserved 1048576K
}
Event: 4.415 GC heap before
{Heap before GC invocations=8 (full 0):
 PSYoungGen      total 29696K, used 6980K [0x00000000d5580000, 0x00000000d7780000, 0x0000000100000000)
  eden space 24576K, 9% used [0x00000000d5580000,0x00000000d57c6500,0x00000000d6d80000)
  from space 5120K, 90% used [0x00000000d6d80000,0x00000000d720aed0,0x00000000d7280000)
  to   space 5120K, 0% used [0x00000000d7280000,0x00000000d7280000,0x00000000d7780000)
 ParOldGen       total 68608K, used 9390K [0x0000000080000000, 0x0000000084300000, 0x00000000d5580000)
  object space 68608K, 13% used [0x0000000080000000,0x000000008092b8d0,0x0000000084300000)
 Metaspace       used 21024K, committed 21824K, reserved 1114112K
  class space    used 2221K, committed 2560K, reserved 1048576K
}
Event: 4.417 GC heap after
{Heap after GC invocations=8 (full 0):
 PSYoungGen      total 28672K, used 3792K [0x00000000d5580000, 0x00000000d7680000, 0x0000000100000000)
  eden space 24576K, 0% used [0x00000000d5580000,0x00000000d5580000,0x00000000d6d80000)
  from space 4096K, 92% used [0x00000000d7280000,0x00000000d76341f8,0x00000000d7680000)
  to   space 4608K, 0% used [0x00000000d6d80000,0x00000000d6d80000,0x00000000d7200000)
 ParOldGen       total 68608K, used 10418K [0x0000000080000000, 0x0000000084300000, 0x00000000d5580000)
  object space 68608K, 15% used [0x0000000080000000,0x0000000080a2ca78,0x0000000084300000)
 Metaspace       used 21024K, committed 21824K, reserved 1114112K
  class space    used 2221K, committed 2560K, reserved 1048576K
}
Event: 4.417 GC heap before
{Heap before GC invocations=9 (full 1):
 PSYoungGen      total 28672K, used 3792K [0x00000000d5580000, 0x00000000d7680000, 0x0000000100000000)
  eden space 24576K, 0% used [0x00000000d5580000,0x00000000d5580000,0x00000000d6d80000)
  from space 4096K, 92% used [0x00000000d7280000,0x00000000d76341f8,0x00000000d7680000)
  to   space 4608K, 0% used [0x00000000d6d80000,0x00000000d6d80000,0x00000000d7200000)
 ParOldGen       total 68608K, used 10418K [0x0000000080000000, 0x0000000084300000, 0x00000000d5580000)
  object space 68608K, 15% used [0x0000000080000000,0x0000000080a2ca78,0x0000000084300000)
 Metaspace       used 21024K, committed 21824K, reserved 1114112K
  class space    used 2221K, committed 2560K, reserved 1048576K
}
Event: 4.451 GC heap after
{Heap after GC invocations=9 (full 1):
 PSYoungGen      total 28672K, used 0K [0x00000000d5580000, 0x00000000d7680000, 0x0000000100000000)
  eden space 24576K, 0% used [0x00000000d5580000,0x00000000d5580000,0x00000000d6d80000)
  from space 4096K, 0% used [0x00000000d7280000,0x00000000d7280000,0x00000000d7680000)
  to   space 4608K, 0% used [0x00000000d6d80000,0x00000000d6d80000,0x00000000d7200000)
 ParOldGen       total 68608K, used 13479K [0x0000000080000000, 0x0000000084300000, 0x00000000d5580000)
  object space 68608K, 19% used [0x0000000080000000,0x0000000080d29e58,0x0000000084300000)
 Metaspace       used 21011K, committed 21824K, reserved 1114112K
  class space    used 2217K, committed 2560K, reserved 1048576K
}
Event: 4.654 GC heap before
{Heap before GC invocations=10 (full 1):
 PSYoungGen      total 28672K, used 24572K [0x00000000d5580000, 0x00000000d7680000, 0x0000000100000000)
  eden space 24576K, 99% used [0x00000000d5580000,0x00000000d6d7f1f8,0x00000000d6d80000)
  from space 4096K, 0% used [0x00000000d7280000,0x00000000d7280000,0x00000000d7680000)
  to   space 4608K, 0% used [0x00000000d6d80000,0x00000000d6d80000,0x00000000d7200000)
 ParOldGen       total 68608K, used 13479K [0x0000000080000000, 0x0000000084300000, 0x00000000d5580000)
  object space 68608K, 19% used [0x0000000080000000,0x0000000080d29e58,0x0000000084300000)
 Metaspace       used 23720K, committed 24576K, reserved 1114112K
  class space    used 2390K, committed 2752K, reserved 1048576K
}
Event: 4.655 GC heap after
{Heap after GC invocations=10 (full 1):
 PSYoungGen      total 24576K, used 507K [0x00000000d5580000, 0x00000000d7300000, 0x0000000100000000)
  eden space 24064K, 0% used [0x00000000d5580000,0x00000000d5580000,0x00000000d6d00000)
  from space 512K, 99% used [0x00000000d6d80000,0x00000000d6dfec40,0x00000000d6e00000)
  to   space 2048K, 0% used [0x00000000d7100000,0x00000000d7100000,0x00000000d7300000)
 ParOldGen       total 68608K, used 13487K [0x0000000080000000, 0x0000000084300000, 0x00000000d5580000)
  object space 68608K, 19% used [0x0000000080000000,0x0000000080d2be58,0x0000000084300000)
 Metaspace       used 23720K, committed 24576K, reserved 1114112K
  class space    used 2390K, committed 2752K, reserved 1048576K
}
Event: 4.853 GC heap before
{Heap before GC invocations=11 (full 1):
 PSYoungGen      total 24576K, used 24571K [0x00000000d5580000, 0x00000000d7300000, 0x0000000100000000)
  eden space 24064K, 100% used [0x00000000d5580000,0x00000000d6d00000,0x00000000d6d00000)
  from space 512K, 99% used [0x00000000d6d80000,0x00000000d6dfec40,0x00000000d6e00000)
  to   space 2048K, 0% used [0x00000000d7100000,0x00000000d7100000,0x00000000d7300000)
 ParOldGen       total 68608K, used 13487K [0x0000000080000000, 0x0000000084300000, 0x00000000d5580000)
  object space 68608K, 19% used [0x0000000080000000,0x0000000080d2be58,0x0000000084300000)
 Metaspace       used 26405K, committed 27264K, reserved 1114112K
  class space    used 2602K, committed 2944K, reserved 1048576K
}
Event: 4.855 GC heap after
{Heap after GC invocations=11 (full 1):
 PSYoungGen      total 25088K, used 1435K [0x00000000d5580000, 0x00000000d7280000, 0x0000000100000000)
  eden space 23552K, 0% used [0x00000000d5580000,0x00000000d5580000,0x00000000d6c80000)
  from space 1536K, 93% used [0x00000000d7100000,0x00000000d7266da0,0x00000000d7280000)
  to   space 2048K, 0% used [0x00000000d6e80000,0x00000000d6e80000,0x00000000d7080000)
 ParOldGen       total 68608K, used 14268K [0x0000000080000000, 0x0000000084300000, 0x00000000d5580000)
  object space 68608K, 20% used [0x0000000080000000,0x0000000080def368,0x0000000084300000)
 Metaspace       used 26405K, committed 27264K, reserved 1114112K
  class space    used 2602K, committed 2944K, reserved 1048576K
}
Event: 5.335 GC heap before
{Heap before GC invocations=12 (full 1):
 PSYoungGen      total 25088K, used 24987K [0x00000000d5580000, 0x00000000d7280000, 0x0000000100000000)
  eden space 23552K, 100% used [0x00000000d5580000,0x00000000d6c80000,0x00000000d6c80000)
  from space 1536K, 93% used [0x00000000d7100000,0x00000000d7266da0,0x00000000d7280000)
  to   space 2048K, 0% used [0x00000000d6e80000,0x00000000d6e80000,0x00000000d7080000)
 ParOldGen       total 68608K, used 14268K [0x0000000080000000, 0x0000000084300000, 0x00000000d5580000)
  object space 68608K, 20% used [0x0000000080000000,0x0000000080def368,0x0000000084300000)
 Metaspace       used 28966K, committed 29888K, reserved 1114112K
  class space    used 2857K, committed 3200K, reserved 1048576K
}
Event: 5.337 GC heap after
{Heap after GC invocations=12 (full 1):
 PSYoungGen      total 24576K, used 1421K [0x00000000d5580000, 0x00000000d7180000, 0x0000000100000000)
  eden space 23040K, 0% used [0x00000000d5580000,0x00000000d5580000,0x00000000d6c00000)
  from space 1536K, 92% used [0x00000000d6e80000,0x00000000d6fe35e8,0x00000000d7000000)
  to   space 1536K, 0% used [0x00000000d7000000,0x00000000d7000000,0x00000000d7180000)
 ParOldGen       total 68608K, used 15450K [0x0000000080000000, 0x0000000084300000, 0x00000000d5580000)
  object space 68608K, 22% used [0x0000000080000000,0x0000000080f169f8,0x0000000084300000)
 Metaspace       used 28966K, committed 29888K, reserved 1114112K
  class space    used 2857K, committed 3200K, reserved 1048576K
}
Event: 6.527 GC heap before
{Heap before GC invocations=13 (full 1):
 PSYoungGen      total 24576K, used 24461K [0x00000000d5580000, 0x00000000d7180000, 0x0000000100000000)
  eden space 23040K, 99% used [0x00000000d5580000,0x00000000d6bffff8,0x00000000d6c00000)
  from space 1536K, 92% used [0x00000000d6e80000,0x00000000d6fe35e8,0x00000000d7000000)
  to   space 1536K, 0% used [0x00000000d7000000,0x00000000d7000000,0x00000000d7180000)
 ParOldGen       total 68608K, used 15450K [0x0000000080000000, 0x0000000084300000, 0x00000000d5580000)
  object space 68608K, 22% used [0x0000000080000000,0x0000000080f169f8,0x0000000084300000)
 Metaspace       used 31956K, committed 33088K, reserved 1114112K
  class space    used 3223K, committed 3712K, reserved 1048576K
}
Event: 6.529 GC heap after
{Heap after GC invocations=13 (full 1):
 PSYoungGen      total 24064K, used 1533K [0x00000000d5580000, 0x00000000d7180000, 0x0000000100000000)
  eden space 22528K, 0% used [0x00000000d5580000,0x00000000d5580000,0x00000000d6b80000)
  from space 1536K, 99% used [0x00000000d7000000,0x00000000d717f5b0,0x00000000d7180000)
  to   space 3072K, 0% used [0x00000000d6b80000,0x00000000d6b80000,0x00000000d6e80000)
 ParOldGen       total 68608K, used 16697K [0x0000000080000000, 0x0000000084300000, 0x00000000d5580000)
  object space 68608K, 24% used [0x0000000080000000,0x000000008104e588,0x0000000084300000)
 Metaspace       used 31956K, committed 33088K, reserved 1114112K
  class space    used 3223K, committed 3712K, reserved 1048576K
}
Event: 6.667 GC heap before
{Heap before GC invocations=14 (full 1):
 PSYoungGen      total 24064K, used 24061K [0x00000000d5580000, 0x00000000d7180000, 0x0000000100000000)
  eden space 22528K, 100% used [0x00000000d5580000,0x00000000d6b80000,0x00000000d6b80000)
  from space 1536K, 99% used [0x00000000d7000000,0x00000000d717f5b0,0x00000000d7180000)
  to   space 3072K, 0% used [0x00000000d6b80000,0x00000000d6b80000,0x00000000d6e80000)
 ParOldGen       total 68608K, used 16697K [0x0000000080000000, 0x0000000084300000, 0x00000000d5580000)
  object space 68608K, 24% used [0x0000000080000000,0x000000008104e588,0x0000000084300000)
 Metaspace       used 34707K, committed 35904K, reserved 1114112K
  class space    used 3630K, committed 4160K, reserved 1048576K
}
Event: 6.670 GC heap after
{Heap after GC invocations=14 (full 1):
 PSYoungGen      total 24064K, used 1760K [0x00000000d5580000, 0x00000000d7080000, 0x0000000100000000)
  eden space 22016K, 0% used [0x00000000d5580000,0x00000000d5580000,0x00000000d6b00000)
  from space 2048K, 85% used [0x00000000d6b80000,0x00000000d6d38000,0x00000000d6d80000)
  to   space 2560K, 0% used [0x00000000d6e00000,0x00000000d6e00000,0x00000000d7080000)
 ParOldGen       total 68608K, used 17787K [0x0000000080000000, 0x0000000084300000, 0x00000000d5580000)
  object space 68608K, 25% used [0x0000000080000000,0x000000008115eda0,0x0000000084300000)
 Metaspace       used 34707K, committed 35904K, reserved 1114112K
  class space    used 3630K, committed 4160K, reserved 1048576K
}
Event: 6.698 GC heap before
{Heap before GC invocations=15 (full 1):
 PSYoungGen      total 24064K, used 6172K [0x00000000d5580000, 0x00000000d7080000, 0x0000000100000000)
  eden space 22016K, 20% used [0x00000000d5580000,0x00000000d59cf218,0x00000000d6b00000)
  from space 2048K, 85% used [0x00000000d6b80000,0x00000000d6d38000,0x00000000d6d80000)
  to   space 2560K, 0% used [0x00000000d6e00000,0x00000000d6e00000,0x00000000d7080000)
 ParOldGen       total 68608K, used 17787K [0x0000000080000000, 0x0000000084300000, 0x00000000d5580000)
  object space 68608K, 25% used [0x0000000080000000,0x000000008115eda0,0x0000000084300000)
 Metaspace       used 35215K, committed 36416K, reserved 1114112K
  class space    used 3710K, committed 4224K, reserved 1048576K
}
Event: 6.701 GC heap after
{Heap after GC invocations=15 (full 1):
 PSYoungGen      total 22528K, used 352K [0x00000000d5580000, 0x00000000d6e80000, 0x0000000100000000)
  eden space 22016K, 0% used [0x00000000d5580000,0x00000000d5580000,0x00000000d6b00000)
  from space 512K, 68% used [0x00000000d6e00000,0x00000000d6e58000,0x00000000d6e80000)
  to   space 1024K, 0% used [0x00000000d6c80000,0x00000000d6c80000,0x00000000d6d80000)
 ParOldGen       total 68608K, used 19339K [0x0000000080000000, 0x0000000084300000, 0x00000000d5580000)
  object space 68608K, 28% used [0x0000000080000000,0x00000000812e2da0,0x0000000084300000)
 Metaspace       used 35215K, committed 36416K, reserved 1114112K
  class space    used 3710K, committed 4224K, reserved 1048576K
}
Event: 6.701 GC heap before
{Heap before GC invocations=16 (full 2):
 PSYoungGen      total 22528K, used 352K [0x00000000d5580000, 0x00000000d6e80000, 0x0000000100000000)
  eden space 22016K, 0% used [0x00000000d5580000,0x00000000d5580000,0x00000000d6b00000)
  from space 512K, 68% used [0x00000000d6e00000,0x00000000d6e58000,0x00000000d6e80000)
  to   space 1024K, 0% used [0x00000000d6c80000,0x00000000d6c80000,0x00000000d6d80000)
 ParOldGen       total 68608K, used 19339K [0x0000000080000000, 0x0000000084300000, 0x00000000d5580000)
  object space 68608K, 28% used [0x0000000080000000,0x00000000812e2da0,0x0000000084300000)
 Metaspace       used 35215K, committed 36416K, reserved 1114112K
  class space    used 3710K, committed 4224K, reserved 1048576K
}
Event: 6.747 GC heap after
{Heap after GC invocations=16 (full 2):
 PSYoungGen      total 22528K, used 0K [0x00000000d5580000, 0x00000000d6e80000, 0x0000000100000000)
  eden space 22016K, 0% used [0x00000000d5580000,0x00000000d5580000,0x00000000d6b00000)
  from space 512K, 0% used [0x00000000d6e00000,0x00000000d6e00000,0x00000000d6e80000)
  to   space 1024K, 0% used [0x00000000d6c80000,0x00000000d6c80000,0x00000000d6d80000)
 ParOldGen       total 68608K, used 18736K [0x0000000080000000, 0x0000000084300000, 0x00000000d5580000)
  object space 68608K, 27% used [0x0000000080000000,0x000000008124c3b8,0x0000000084300000)
 Metaspace       used 35212K, committed 36416K, reserved 1114112K
  class space    used 3709K, committed 4224K, reserved 1048576K
}

